<?xml version="1.0" encoding="UTF-8"?>
<testng-results ignored="0" total="3" passed="3" failed="0" skipped="0">
  <reporter-output>
  </reporter-output>
  <suite started-at="2025-10-13T15:37:25 IST" name="DemoSuite" finished-at="2025-10-13T15:37:33 IST" duration-ms="8598">
    <groups>
    </groups>
    <test started-at="2025-10-13T15:37:25 IST" name="EdgeTest" finished-at="2025-10-13T15:37:29 IST" duration-ms="4114">
      <class name="com.seleniumdemo.GoogleTest">
        <test-method is-config="true" signature="setup(java.lang.String)[pri:0, instance:com.seleniumdemo.GoogleTest@16d04d3d]" started-at="2025-10-13T15:37:25 IST" name="setup" finished-at="2025-10-13T15:37:27 IST" duration-ms="2270" status="PASS">
          <params>
            <param index="0">
              <value>
                <![CDATA[edge]]>
              </value>
            </param>
          </params>
          <reporter-output>
          </reporter-output>
        </test-method> <!-- setup -->
        <test-method signature="openGoogle()[pri:0, instance:com.seleniumdemo.GoogleTest@16d04d3d]" started-at="2025-10-13T15:37:27 IST" name="openGoogle" finished-at="2025-10-13T15:37:29 IST" duration-ms="1463" status="PASS">
          <reporter-output>
          </reporter-output>
        </test-method> <!-- openGoogle -->
        <test-method is-config="true" signature="teardown()[pri:0, instance:com.seleniumdemo.GoogleTest@16d04d3d]" started-at="2025-10-13T15:37:29 IST" name="teardown" finished-at="2025-10-13T15:37:29 IST" duration-ms="334" status="PASS">
          <reporter-output>
          </reporter-output>
        </test-method> <!-- teardown -->
      </class> <!-- com.seleniumdemo.GoogleTest -->
    </test> <!-- EdgeTest -->
    <test started-at="2025-10-13T15:37:25 IST" name="ChromeTest" finished-at="2025-10-13T15:37:29 IST" duration-ms="4143">
      <class name="com.seleniumdemo.GoogleTest">
        <test-method is-config="true" signature="setup(java.lang.String)[pri:0, instance:com.seleniumdemo.GoogleTest@6aba2b86]" started-at="2025-10-13T15:37:25 IST" name="setup" finished-at="2025-10-13T15:37:27 IST" duration-ms="2270" status="PASS">
          <params>
            <param index="0">
              <value>
                <![CDATA[chrome]]>
              </value>
            </param>
          </params>
          <reporter-output>
          </reporter-output>
        </test-method> <!-- setup -->
        <test-method signature="openGoogle()[pri:0, instance:com.seleniumdemo.GoogleTest@6aba2b86]" started-at="2025-10-13T15:37:27 IST" name="openGoogle" finished-at="2025-10-13T15:37:29 IST" duration-ms="1406" status="PASS">
          <reporter-output>
          </reporter-output>
        </test-method> <!-- openGoogle -->
        <test-method is-config="true" signature="teardown()[pri:0, instance:com.seleniumdemo.GoogleTest@6aba2b86]" started-at="2025-10-13T15:37:29 IST" name="teardown" finished-at="2025-10-13T15:37:29 IST" duration-ms="419" status="PASS">
          <reporter-output>
          </reporter-output>
        </test-method> <!-- teardown -->
      </class> <!-- com.seleniumdemo.GoogleTest -->
    </test> <!-- ChromeTest -->
    <test started-at="2025-10-13T15:37:25 IST" name="FirefoxTest" finished-at="2025-10-13T15:37:33 IST" duration-ms="8598">
      <class name="com.seleniumdemo.GoogleTest">
        <test-method is-config="true" signature="setup(java.lang.String)[pri:0, instance:com.seleniumdemo.GoogleTest@36bc55de]" started-at="2025-10-13T15:37:25 IST" name="setup" finished-at="2025-10-13T15:37:30 IST" duration-ms="5377" status="PASS">
          <params>
            <param index="0">
              <value>
                <![CDATA[firefox]]>
              </value>
            </param>
          </params>
          <reporter-output>
          </reporter-output>
        </test-method> <!-- setup -->
        <test-method signature="openGoogle()[pri:0, instance:com.seleniumdemo.GoogleTest@36bc55de]" started-at="2025-10-13T15:37:30 IST" name="openGoogle" finished-at="2025-10-13T15:37:32 IST" duration-ms="1413" status="PASS">
          <reporter-output>
          </reporter-output>
        </test-method> <!-- openGoogle -->
        <test-method is-config="true" signature="teardown()[pri:0, instance:com.seleniumdemo.GoogleTest@36bc55de]" started-at="2025-10-13T15:37:32 IST" name="teardown" finished-at="2025-10-13T15:37:33 IST" duration-ms="1778" status="PASS">
          <reporter-output>
          </reporter-output>
        </test-method> <!-- teardown -->
      </class> <!-- com.seleniumdemo.GoogleTest -->
    </test> <!-- FirefoxTest -->
  </suite> <!-- DemoSuite -->
</testng-results>
